<?xml version="1.0" encoding="UTF-8"?>
<!-- Generated by org.testng.reporters.JUnitXMLReporter -->
<testsuite ignored="3" hostname="DESKTOP-OANRPD5" failures="0" tests="9" name="GRP-regression" time="0.066" errors="0" timestamp="2024-02-03T07:43:35 IST">
  <testcase classname="Testngpractice.GroupTestDemo2" name="atest1" time="0.004"/>
  <testcase classname="Testngpractice.GroupTestDemo2" name="btest2" time="0.001"/>
  <testcase classname="Testngpractice.GroupTestDemo2" name="btest3" time="0.001"/>
  <testcase classname="Testngpractice.CreateTestSuiteDemo" name="atest1" time="0.001"/>
  <testcase classname="Testngpractice.CreateTestSuiteDemo" name="btest2" time="0.002"/>
  <testcase classname="Testngpractice.CreateTestSuiteDemo" name="btest3" time="0.001"/>
  <testcase classname="Testngpractice.GroupTestDemo" name="atest1" time="0.001"/>
  <testcase classname="Testngpractice.GroupTestDemo" name="btest2" time="0.0"/>
  <testcase classname="Testngpractice.GroupTestDemo" name="btest3" time="0.001"/>
  <testcase classname="Testngpractice.CreateTestSuiteDemo" name="btest4" time="0.0">
    <ignored/>
  </testcase> <!-- btest4 -->
  <testcase classname="Testngpractice.GroupTestDemo" name="btest4" time="0.0">
    <ignored/>
  </testcase> <!-- btest4 -->
  <testcase classname="Testngpractice.GroupTestDemo2" name="btest4" time="0.0">
    <ignored/>
  </testcase> <!-- btest4 -->
</testsuite> <!-- GRP-regression -->
