<?xml version="1.0" encoding="UTF-8"?>
<!-- Generated by org.testng.reporters.JUnitXMLReporter -->
<testsuite ignored="2" hostname="DESKTOP-OANRPD5" failures="0" tests="2" name="GRP-bvt" time="0.052" errors="0" timestamp="2024-02-02T17:06:23 IST">
  <testcase classname="Testngpractice.GroupTestDemo" name="btest3" time="0.009"/>
  <testcase classname="Testngpractice.GroupTestDemo" name="btest4" time="0.001"/>
  <testcase classname="Testngpractice.GroupTestDemo" name="atest1" time="0.0">
    <ignored/>
  </testcase> <!-- atest1 -->
  <testcase classname="Testngpractice.GroupTestDemo" name="btest2" time="0.0">
    <ignored/>
  </testcase> <!-- btest2 -->
</testsuite> <!-- GRP-bvt -->
