<?xml version="1.0" encoding="UTF-8"?>
<!-- Generated by org.testng.reporters.JUnitXMLReporter -->
<testsuite ignored="0" hostname="DESKTOP-OANRPD5" failures="0" tests="6" name="Test" time="0.066" errors="0" timestamp="2024-02-02T17:33:00 IST">
  <testcase classname="Testngpractice.GroupTestDemo" name="atest1" time="0.005"/>
  <testcase classname="Testngpractice.GroupTestDemo" name="btest2" time="0.001"/>
  <testcase classname="Testngpractice.GroupTestDemo" name="btest3" time="0.001"/>
  <testcase classname="Testngpractice.GroupTestDemo" name="btest4" time="0.007"/>
  <testcase classname="Testngpractice.LoginTestDemo" name="atest1" time="0.001"/>
  <testcase classname="Testngpractice.LoginTestDemo" name="btest2" time="0.003"/>
</testsuite> <!-- Test -->
