<?xml version="1.0" encoding="UTF-8"?>
<!-- Generated by org.testng.reporters.JUnitXMLReporter -->
<testsuite ignored="3" hostname="DESKTOP-OANRPD5" failures="0" tests="3" name="regression" time="0.061" errors="0" timestamp="2024-02-02T18:04:04 IST">
  <testcase classname="Testngpractice.GroupTestDemo" name="atest1" time="0.007"/>
  <testcase classname="Testngpractice.GroupTestDemo" name="btest2" time="0.001"/>
  <testcase classname="Testngpractice.GroupTestDemo" name="btest3" time="0.004"/>
  <testcase classname="Testngpractice.LoginTestDemo" name="atest1" time="0.0">
    <ignored/>
  </testcase> <!-- atest1 -->
  <testcase classname="Testngpractice.GroupTestDemo" name="btest4" time="0.0">
    <ignored/>
  </testcase> <!-- btest4 -->
  <testcase classname="Testngpractice.LoginTestDemo" name="btest2" time="0.0">
    <ignored/>
  </testcase> <!-- btest2 -->
</testsuite> <!-- regression -->
