<?xml version="1.0" encoding="UTF-8"?>
<!-- Generated by org.testng.reporters.JUnitXMLReporter -->
<testsuite ignored="0" hostname="DESKTOP-OANRPD5" failures="0" tests="4" name="Test before after suite" time="0.013" errors="0" timestamp="2024-02-04T15:23:46 IST">
  <testcase classname="Testngpractice.GroupTestDemo3" name="atest1" time="0.002"/>
  <testcase classname="Testngpractice.GroupTestDemo3" name="btest2" time="0.001"/>
  <testcase classname="Testngpractice.GroupTestDemo3" name="btest3" time="0.001"/>
  <testcase classname="Testngpractice.GroupTestDemo3" name="btest4" time="0.001"/>
</testsuite> <!-- Test before after suite -->
